<?xml version="1.0" encoding="UTF-8"?>
<!-- Generated by org.testng.reporters.JUnitXMLReporter -->
<testsuite hostname="DESKTOP-VJ18C00" ignored="0" name="Test" tests="6" failures="0" timestamp="2020-02-11T11:33:57 BDT" time="0.079" errors="0">
  <testcase name="MobileTest" time="0.007" classname="qaclickacademy.AppiumTest"/>
  <testcase name="MobileTest2" time="0.0" classname="qaclickacademy.AppiumTest"/>
  <testcase name="WebTest" time="0.0" classname="qaclickacademy.SeleniumTest"/>
  <testcase name="WebTest2" time="0.001" classname="qaclickacademy.SeleniumTest"/>
  <testcase name="APITest2" time="0.001" classname="qaclickacademy.APITest"/>
  <testcase name="APITesting" time="0.001" classname="qaclickacademy.APITest"/>
</testsuite> <!-- Test -->
